<?xml version="1.0" encoding="UTF-8"?>
<testng-results skipped="0" failed="0" ignored="0" total="2" passed="2">
  <reporter-output>
  </reporter-output>
  <suite name="Default suite" duration-ms="25834" started-at="2021-07-07T13:41:12 EDT" finished-at="2021-07-07T13:41:38 EDT">
    <groups>
    </groups>
    <test name="Default test" duration-ms="25834" started-at="2021-07-07T13:41:12 EDT" finished-at="2021-07-07T13:41:38 EDT">
      <class name="com.Test.LoginTest">
        <test-method status="PASS" signature="setUp()[pri:0, instance:com.Test.LoginTest@687080dc]" name="setUp" is-config="true" duration-ms="13351" started-at="2021-07-07T13:41:12 EDT" finished-at="2021-07-07T13:41:25 EDT">
          <reporter-output>
          </reporter-output>
        </test-method> <!-- setUp -->
        <test-method status="PASS" signature="freeCrmTitleTest()[pri:1, instance:com.Test.LoginTest@687080dc]" name="freeCrmTitleTest" duration-ms="13" started-at="2021-07-07T13:41:25 EDT" finished-at="2021-07-07T13:41:25 EDT">
          <reporter-output>
          </reporter-output>
        </test-method> <!-- freeCrmTitleTest -->
        <test-method status="PASS" signature="tearDown()[pri:0, instance:com.Test.LoginTest@687080dc]" name="tearDown" is-config="true" duration-ms="599" started-at="2021-07-07T13:41:25 EDT" finished-at="2021-07-07T13:41:26 EDT">
          <reporter-output>
          </reporter-output>
        </test-method> <!-- tearDown -->
        <test-method status="PASS" signature="setUp()[pri:0, instance:com.Test.LoginTest@687080dc]" name="setUp" is-config="true" duration-ms="11142" started-at="2021-07-07T13:41:26 EDT" finished-at="2021-07-07T13:41:37 EDT">
          <reporter-output>
          </reporter-output>
        </test-method> <!-- setUp -->
        <test-method status="PASS" signature="freemCRMLogoTest()[pri:2, instance:com.Test.LoginTest@687080dc]" name="freemCRMLogoTest" duration-ms="69" started-at="2021-07-07T13:41:37 EDT" finished-at="2021-07-07T13:41:37 EDT">
          <reporter-output>
          </reporter-output>
        </test-method> <!-- freemCRMLogoTest -->
        <test-method status="PASS" signature="tearDown()[pri:0, instance:com.Test.LoginTest@687080dc]" name="tearDown" is-config="true" duration-ms="622" started-at="2021-07-07T13:41:37 EDT" finished-at="2021-07-07T13:41:38 EDT">
          <reporter-output>
          </reporter-output>
        </test-method> <!-- tearDown -->
      </class> <!-- com.Test.LoginTest -->
    </test> <!-- Default test -->
  </suite> <!-- Default suite -->
</testng-results>
