<?xml version="1.0" encoding="UTF-8"?>
<testng-results skipped="0" failed="0" ignored="0" total="2" passed="2">
  <reporter-output>
  </reporter-output>
  <suite name="com.Test.LoginTest" duration-ms="75360" started-at="2021-07-07T13:35:35 EDT" finished-at="2021-07-07T13:36:50 EDT">
    <groups>
    </groups>
    <test name="Command line test" duration-ms="75360" started-at="2021-07-07T13:35:35 EDT" finished-at="2021-07-07T13:36:50 EDT">
      <class name="com.Test.LoginTest">
        <test-method status="PASS" signature="setUp()[pri:0, instance:com.Test.LoginTest@42e26948]" name="setUp" is-config="true" duration-ms="43066" started-at="2021-07-07T13:35:35 EDT" finished-at="2021-07-07T13:36:18 EDT">
          <reporter-output>
          </reporter-output>
        </test-method> <!-- setUp -->
        <test-method status="PASS" signature="freeCrmTitleTest()[pri:1, instance:com.Test.LoginTest@42e26948]" name="freeCrmTitleTest" duration-ms="24" started-at="2021-07-07T13:36:18 EDT" finished-at="2021-07-07T13:36:18 EDT">
          <reporter-output>
          </reporter-output>
        </test-method> <!-- freeCrmTitleTest -->
        <test-method status="PASS" signature="tearDown()[pri:0, instance:com.Test.LoginTest@42e26948]" name="tearDown" is-config="true" duration-ms="613" started-at="2021-07-07T13:36:18 EDT" finished-at="2021-07-07T13:36:18 EDT">
          <reporter-output>
          </reporter-output>
        </test-method> <!-- tearDown -->
        <test-method status="PASS" signature="setUp()[pri:0, instance:com.Test.LoginTest@42e26948]" name="setUp" is-config="true" duration-ms="30602" started-at="2021-07-07T13:36:18 EDT" finished-at="2021-07-07T13:36:49 EDT">
          <reporter-output>
          </reporter-output>
        </test-method> <!-- setUp -->
        <test-method status="PASS" signature="freemCRMLogoTest()[pri:2, instance:com.Test.LoginTest@42e26948]" name="freemCRMLogoTest" duration-ms="214" started-at="2021-07-07T13:36:49 EDT" finished-at="2021-07-07T13:36:49 EDT">
          <reporter-output>
          </reporter-output>
        </test-method> <!-- freemCRMLogoTest -->
        <test-method status="PASS" signature="tearDown()[pri:0, instance:com.Test.LoginTest@42e26948]" name="tearDown" is-config="true" duration-ms="779" started-at="2021-07-07T13:36:49 EDT" finished-at="2021-07-07T13:36:50 EDT">
          <reporter-output>
          </reporter-output>
        </test-method> <!-- tearDown -->
      </class> <!-- com.Test.LoginTest -->
    </test> <!-- Command line test -->
  </suite> <!-- com.Test.LoginTest -->
</testng-results>
